0 info it worked if it ends with ok
1 verbose cli [ '/usr/bin/nodejs', '/usr/bin/npm', 'run', 'ng' ]
2 info using npm@4.1.2
3 info using node@v7.7.1
4 verbose run-script [ 'preng', 'ng', 'postng' ]
5 info lifecycle giphy-search@0.0.0~preng: giphy-search@0.0.0
6 silly lifecycle giphy-search@0.0.0~preng: no script for preng, continuing
7 info lifecycle giphy-search@0.0.0~ng: giphy-search@0.0.0
8 verbose lifecycle giphy-search@0.0.0~ng: unsafe-perm in lifecycle true
9 verbose lifecycle giphy-search@0.0.0~ng: PATH: /usr/lib/node_modules/npm/bin/node-gyp-bin:/home/ron/Documents/Angular/Projects/GiphySearch/node_modules/.bin:/home/ron/bin:/home/ron/.local/bin:/usr/local/sbin:/usr/local/bin:/usr/sbin:/usr/bin:/sbin:/bin:/usr/games:/usr/local/games:/snap/bin
10 verbose lifecycle giphy-search@0.0.0~ng: CWD: /home/ron/Documents/Angular/Projects/GiphySearch
11 silly lifecycle giphy-search@0.0.0~ng: Args: [ '-c', 'ng' ]
12 silly lifecycle giphy-search@0.0.0~ng: Returned: code: 1  signal: null
13 info lifecycle giphy-search@0.0.0~ng: Failed to exec ng script
14 verbose stack Error: giphy-search@0.0.0 ng: `ng`
14 verbose stack Exit status 1
14 verbose stack     at EventEmitter.<anonymous> (/usr/lib/node_modules/npm/lib/utils/lifecycle.js:279:16)
14 verbose stack     at emitTwo (events.js:106:13)
14 verbose stack     at EventEmitter.emit (events.js:194:7)
14 verbose stack     at ChildProcess.<anonymous> (/usr/lib/node_modules/npm/lib/utils/spawn.js:40:14)
14 verbose stack     at emitTwo (events.js:106:13)
14 verbose stack     at ChildProcess.emit (events.js:194:7)
14 verbose stack     at maybeClose (internal/child_process.js:899:16)
14 verbose stack     at Process.ChildProcess._handle.onexit (internal/child_process.js:226:5)
15 verbose pkgid giphy-search@0.0.0
16 verbose cwd /home/ron/Documents/Angular/Projects/GiphySearch
17 error Linux 4.8.0-39-generic
18 error argv "/usr/bin/nodejs" "/usr/bin/npm" "run" "ng"
19 error node v7.7.1
20 error npm  v4.1.2
21 error code ELIFECYCLE
22 error giphy-search@0.0.0 ng: `ng`
22 error Exit status 1
23 error Failed at the giphy-search@0.0.0 ng script 'ng'.
23 error Make sure you have the latest version of node.js and npm installed.
23 error If you do, this is most likely a problem with the giphy-search package,
23 error not with npm itself.
23 error Tell the author that this fails on your system:
23 error     ng
23 error You can get information on how to open an issue for this project with:
23 error     npm bugs giphy-search
23 error Or if that isn't available, you can get their info via:
23 error     npm owner ls giphy-search
23 error There is likely additional logging output above.
24 verbose exit [ 1, true ]
